mobile/build/outputs/logs/manifest-merger-debug-report.txt
-- Merging decision tree log ---
manifest
ADDED from src\main\AndroidManifest.xml:2:1-100:12
INJECTED from src\main\AndroidManifest.xml:2:1-100:12
INJECTED from src\main\AndroidManifest.xml:2:1-100:12
INJECTED from src\main\AndroidManifest.xml:2:1-100:12
MERGED from [:core] AndroidManifest.xml:2:1-17:12
MERGED from [com.android.support:preference-v14:27.1.1] AndroidManifest.xml:17:1-22:12
MERGED from [com.android.support:preference-v7:27.1.1] AndroidManifest.xml:17:1-22:12
MERGED from [com.afollestad.material-dialogs:commons:0.9.6.0] AndroidManifest.xml:2:1-14:12
MERGED from [de.psdev.licensesdialog:licensesdialog:1.8.3] AndroidManifest.xml:16:6-20:12
MERGED from [com.heinrichreimersoftware:android-issue-reporter:1.3.1] AndroidManifest.xml:25:1-42:12
MERGED from [com.android.support:design:27.1.1] AndroidManifest.xml:17:1-22:12
MERGED from [com.afollestad.material-dialogs:core:0.9.6.0] AndroidManifest.xml:2:1-15:12
MERGED from [me.zhanghai.android.materialprogressbar:library:1.4.2] AndroidManifest.xml:6:1-16:12
MERGED from [com.android.support:appcompat-v7:27.1.1] AndroidManifest.xml:17:1-22:12
MERGED from [com.android.support:support-v13:27.1.1] AndroidManifest.xml:17:1-22:12
MERGED from [com.android.support:support-v4:27.1.1] AndroidManifest.xml:17:1-22:12
MERGED from [com.github.skydoves:baserecyclerviewadapter:0.1.0] AndroidManifest.xml:2:1-12:12
MERGED from [com.android.support:recyclerview-v7:27.1.1] AndroidManifest.xml:17:1-22:12
MERGED from [com.android.support:cardview-v7:27.1.1] AndroidManifest.xml:17:1-22:12
MERGED from [eu.chainfire:libsuperuser:1.0.0.201608240809] AndroidManifest.xml:2:1-11:12
MERGED from [se.emilsjolander:stickylistheaders:2.7.0] AndroidManifest.xml:2:1-11:12
MERGED from [com.android.support:customtabs:27.1.1] AndroidManifest.xml:17:1-22:12
MERGED from [com.android.support:support-fragment:27.1.1] AndroidManifest.xml:17:1-22:12
MERGED from [com.android.support:animated-vector-drawable:27.1.1] AndroidManifest.xml:17:1-22:12
MERGED from [com.android.support:support-core-ui:27.1.1] AndroidManifest.xml:17:1-22:12
MERGED from [com.android.support:support-core-utils:27.1.1] AndroidManifest.xml:17:1-22:12
MERGED from [com.android.support:support-media-compat:27.1.1] AndroidManifest.xml:17:1-22:12
MERGED from [com.android.support:transition:27.1.1] AndroidManifest.xml:17:1-22:12
MERGED from [com.android.support:support-vector-drawable:27.1.1] AndroidManifest.xml:17:1-22:12
MERGED from [com.android.support:support-compat:27.1.1] AndroidManifest.xml:17:1-22:12
MERGED from [android.arch.lifecycle:livedata:1.1.0] AndroidManifest.xml:17:1-22:12
MERGED from [android.arch.lifecycle:livedata-core:1.1.0] AndroidManifest.xml:17:1-22:12
MERGED from [android.arch.core:runtime:1.1.0] AndroidManifest.xml:17:1-22:12
MERGED from [android.arch.lifecycle:runtime:1.1.0] AndroidManifest.xml:17:1-22:12
MERGED from [com.github.aakira:expandable-layout:1.4.3] AndroidManifest.xml:2:1-14:12
MERGED from [android.arch.lifecycle:viewmodel:1.1.0] AndroidManifest.xml:17:1-22:12
INJECTED from src\main\AndroidManifest.xml:2:1-100:12
INJECTED from src\main\AndroidManifest.xml:2:1-100:12
INJECTED from src\main\AndroidManifest.xml:2:1-100:12
	package
		ADDED from src\main\AndroidManifest.xml:4:5-47
		INJECTED from src\main\AndroidManifest.xml
		INJECTED from src\main\AndroidManifest.xml
	android:versionName
		INJECTED from src\main\AndroidManifest.xml
		ADDED from src\main\AndroidManifest.xml:2:1-100:12
		INJECTED from src\main\AndroidManifest.xml
	xmlns:tools
		ADDED from src\main\AndroidManifest.xml:3:5-51
	android:versionCode
		INJECTED from src\main\AndroidManifest.xml
		ADDED from src\main\AndroidManifest.xml:2:1-100:12
		INJECTED from src\main\AndroidManifest.xml
	xmlns:android
		ADDED from src\main\AndroidManifest.xml:2:11-69
application
ADDED from src\main\AndroidManifest.xml:6:5-98:19
MERGED from [com.afollestad.material-dialogs:commons:0.9.6.0] AndroidManifest.xml:12:5-20
MERGED from [com.afollestad.material-dialogs:commons:0.9.6.0] AndroidManifest.xml:12:5-20
MERGED from [de.psdev.licensesdialog:licensesdialog:1.8.3] AndroidManifest.xml:19:5-19
MERGED from [de.psdev.licensesdialog:licensesdialog:1.8.3] AndroidManifest.xml:19:5-19
MERGED from [com.heinrichreimersoftware:android-issue-reporter:1.3.1] AndroidManifest.xml:36:5-40:19
MERGED from [com.heinrichreimersoftware:android-issue-reporter:1.3.1] AndroidManifest.xml:36:5-40:19
MERGED from [com.afollestad.material-dialogs:core:0.9.6.0] AndroidManifest.xml:13:5-20
MERGED from [com.afollestad.material-dialogs:core:0.9.6.0] AndroidManifest.xml:13:5-20
MERGED from [com.github.aakira:expandable-layout:1.4.3] AndroidManifest.xml:12:5-20
MERGED from [com.github.aakira:expandable-layout:1.4.3] AndroidManifest.xml:12:5-20
	android:label
		ADDED from src\main\AndroidManifest.xml:10:9-41
	android:icon
		ADDED from src\main\AndroidManifest.xml:9:9-43
	android:allowBackup
		ADDED from src\main\AndroidManifest.xml:8:9-36
	android:theme
		ADDED from src\main\AndroidManifest.xml:11:9-59
	tools:replace
		ADDED from src\main\AndroidManifest.xml:12:9-44
	android:name
		ADDED from src\main\AndroidManifest.xml:7:9-34
activity#de.robv.android.xposed.installer.ui.activities.SplashActivity
ADDED from src\main\AndroidManifest.xml:13:9-21:20
	android:theme
		ADDED from src\main\AndroidManifest.xml:15:13-47
	android:name
		ADDED from src\main\AndroidManifest.xml:14:13-57
intent-filter#action:name:android.intent.action.MAIN+category:name:android.intent.category.LAUNCHER
ADDED from src\main\AndroidManifest.xml:16:13-20:29
action#android.intent.action.MAIN
ADDED from src\main\AndroidManifest.xml:17:17-69
	android:name
		ADDED from src\main\AndroidManifest.xml:17:25-66
category#android.intent.category.LAUNCHER
ADDED from src\main\AndroidManifest.xml:19:17-77
	android:name
		ADDED from src\main\AndroidManifest.xml:19:27-74
activity#de.robv.android.xposed.installer.ui.activities.WelcomeActivity
ADDED from src\main\AndroidManifest.xml:22:9-26:48
	android:label
		ADDED from src\main\AndroidManifest.xml:26:13-45
	android:exported
		ADDED from src\main\AndroidManifest.xml:25:13-36
	android:configChanges
		ADDED from src\main\AndroidManifest.xml:24:13-59
	android:name
		ADDED from src\main\AndroidManifest.xml:23:13-58
activity#de.robv.android.xposed.installer.ui.activities.SettingsActivity
ADDED from src\main\AndroidManifest.xml:27:9-29:72
	android:theme
		ADDED from src\main\AndroidManifest.xml:29:13-69
	android:name
		ADDED from src\main\AndroidManifest.xml:28:13-59
activity#de.robv.android.xposed.installer.ui.activities.DownloadDetailsActivity
ADDED from src\main\AndroidManifest.xml:30:9-53:20
	android:exported
		ADDED from src\main\AndroidManifest.xml:33:13-36
	android:configChanges
		ADDED from src\main\AndroidManifest.xml:32:13-59
	android:theme
		ADDED from src\main\AndroidManifest.xml:34:13-69
	android:name
		ADDED from src\main\AndroidManifest.xml:31:13-66
intent-filter#action:name:de.robv.android.xposed.installer.DOWNLOAD_DETAILS+category:name:android.intent.category.DEFAULT+data:scheme:package
ADDED from src\main\AndroidManifest.xml:35:13-41:29
action#de.robv.android.xposed.installer.DOWNLOAD_DETAILS
ADDED from src\main\AndroidManifest.xml:36:17-92
	android:name
		ADDED from src\main\AndroidManifest.xml:36:25-89
data
ADDED from src\main\AndroidManifest.xml:38:17-50
	android:host
		ADDED from src\main\AndroidManifest.xml:46:21-52
	android:scheme
		ADDED from src\main\AndroidManifest.xml:38:23-47
	android:pathPrefix
		ADDED from src\main\AndroidManifest.xml:47:21-50
category#android.intent.category.DEFAULT
ADDED from src\main\AndroidManifest.xml:40:17-76
	android:name
		ADDED from src\main\AndroidManifest.xml:40:27-73
intent-filter#action:name:android.intent.action.VIEW+category:name:android.intent.category.BROWSABLE+category:name:android.intent.category.DEFAULT+data:host:repo.xposed.info+data:pathPrefix:/module/+data:scheme:http
ADDED from src\main\AndroidManifest.xml:42:13-52:29
action#android.intent.action.VIEW
ADDED from src\main\AndroidManifest.xml:43:17-69
	android:name
		ADDED from src\main\AndroidManifest.xml:43:25-66
category#android.intent.category.BROWSABLE
ADDED from src\main\AndroidManifest.xml:51:17-78
	android:name
		ADDED from src\main\AndroidManifest.xml:51:27-75
activity#de.robv.android.xposed.installer.ui.activities.ViewActivity
ADDED from src\main\AndroidManifest.xml:54:9-56:72
	android:theme
		ADDED from src\main\AndroidManifest.xml:56:13-69
	android:name
		ADDED from src\main\AndroidManifest.xml:55:13-55
activity#de.robv.android.xposed.installer.ui.activities.ModulesBookmark
ADDED from src\main\AndroidManifest.xml:57:9-59:72
	android:theme
		ADDED from src\main\AndroidManifest.xml:59:13-69
	android:name
		ADDED from src\main\AndroidManifest.xml:58:13-58
activity#de.robv.android.xposed.installer.ui.activities.InstallationActivity
ADDED from src\main\AndroidManifest.xml:60:9-63:72
	android:screenOrientation
		ADDED from src\main\AndroidManifest.xml:62:13-49
	android:theme
		ADDED from src\main\AndroidManifest.xml:63:13-69
	android:name
		ADDED from src\main\AndroidManifest.xml:61:13-63
receiver#de.robv.android.xposed.installer.core.receivers.PackageChangeReceiver
ADDED from src\main\AndroidManifest.xml:65:9-75:20
	android:exported
		ADDED from src\main\AndroidManifest.xml:67:13-37
	android:name
		ADDED from src\main\AndroidManifest.xml:66:13-65
intent-filter#action:name:android.intent.action.PACKAGE_ADDED+action:name:android.intent.action.PACKAGE_CHANGED+action:name:android.intent.action.PACKAGE_REMOVED+data:scheme:package
ADDED from src\main\AndroidManifest.xml:68:13-74:29
action#android.intent.action.PACKAGE_ADDED
ADDED from src\main\AndroidManifest.xml:69:17-78
	android:name
		ADDED from src\main\AndroidManifest.xml:69:25-75
action#android.intent.action.PACKAGE_CHANGED
ADDED from src\main\AndroidManifest.xml:70:17-80
	android:name
		ADDED from src\main\AndroidManifest.xml:70:25-77
action#android.intent.action.PACKAGE_REMOVED
ADDED from src\main\AndroidManifest.xml:71:17-80
	android:name
		ADDED from src\main\AndroidManifest.xml:71:25-77
receiver#de.robv.android.xposed.installer.core.receivers.DownloadReceiver
ADDED from src\main\AndroidManifest.xml:76:9-83:20
	android:exported
		ADDED from src\main\AndroidManifest.xml:78:13-36
	android:permission
		ADDED from src\main\AndroidManifest.xml:79:13-84
	android:name
		ADDED from src\main\AndroidManifest.xml:77:13-60
intent-filter#action:name:android.intent.action.DOWNLOAD_COMPLETE
ADDED from src\main\AndroidManifest.xml:80:13-82:29
action#android.intent.action.DOWNLOAD_COMPLETE
ADDED from src\main\AndroidManifest.xml:81:17-82
	android:name
		ADDED from src\main\AndroidManifest.xml:81:25-79
receiver#de.robv.android.xposed.installer.core.util.NotificationUtil$RebootReceiver
ADDED from src\main\AndroidManifest.xml:84:9-86:40
	android:exported
		ADDED from src\main\AndroidManifest.xml:86:13-37
	android:name
		ADDED from src\main\AndroidManifest.xml:85:13-70
provider#android.support.v4.content.FileProvider
ADDED from src\main\AndroidManifest.xml:88:9-96:20
	android:grantUriPermissions
		ADDED from src\main\AndroidManifest.xml:92:13-47
	android:authorities
		ADDED from src\main\AndroidManifest.xml:90:13-80
	android:exported
		ADDED from src\main\AndroidManifest.xml:91:13-37
	android:name
		ADDED from src\main\AndroidManifest.xml:89:13-67
meta-data#android.support.FILE_PROVIDER_PATHS
ADDED from src\main\AndroidManifest.xml:93:13-95:54
	android:resource
		ADDED from src\main\AndroidManifest.xml:95:17-51
	android:name
		ADDED from src\main\AndroidManifest.xml:94:17-67
uses-sdk
INJECTED from src\main\AndroidManifest.xml reason: use-sdk injection requested
INJECTED from src\main\AndroidManifest.xml
MERGED from [:core] AndroidManifest.xml:8:5-44
MERGED from [:core] AndroidManifest.xml:8:5-44
MERGED from [com.android.support:preference-v14:27.1.1] AndroidManifest.xml:20:5-44
MERGED from [com.android.support:preference-v14:27.1.1] AndroidManifest.xml:20:5-44
MERGED from [com.android.support:preference-v7:27.1.1] AndroidManifest.xml:20:5-44
MERGED from [com.android.support:preference-v7:27.1.1] AndroidManifest.xml:20:5-44
MERGED from [com.afollestad.material-dialogs:commons:0.9.6.0] AndroidManifest.xml:8:5-10:41
MERGED from [com.afollestad.material-dialogs:commons:0.9.6.0] AndroidManifest.xml:8:5-10:41
MERGED from [de.psdev.licensesdialog:licensesdialog:1.8.3] AndroidManifest.xml:18:5-72
MERGED from [de.psdev.licensesdialog:licensesdialog:1.8.3] AndroidManifest.xml:18:5-72
MERGED from [com.heinrichreimersoftware:android-issue-reporter:1.3.1] AndroidManifest.xml:30:5-32:41
MERGED from [com.heinrichreimersoftware:android-issue-reporter:1.3.1] AndroidManifest.xml:30:5-32:41
MERGED from [com.android.support:design:27.1.1] AndroidManifest.xml:20:5-44
MERGED from [com.android.support:design:27.1.1] AndroidManifest.xml:20:5-44
MERGED from [com.afollestad.material-dialogs:core:0.9.6.0] AndroidManifest.xml:8:5-11:75
MERGED from [com.afollestad.material-dialogs:core:0.9.6.0] AndroidManifest.xml:8:5-11:75
MERGED from [me.zhanghai.android.materialprogressbar:library:1.4.2] AndroidManifest.xml:12:5-14:41
MERGED from [me.zhanghai.android.materialprogressbar:library:1.4.2] AndroidManifest.xml:12:5-14:41
MERGED from [com.android.support:appcompat-v7:27.1.1] AndroidManifest.xml:20:5-44
MERGED from [com.android.support:appcompat-v7:27.1.1] AndroidManifest.xml:20:5-44
MERGED from [com.android.support:support-v13:27.1.1] AndroidManifest.xml:20:5-44
MERGED from [com.android.support:support-v13:27.1.1] AndroidManifest.xml:20:5-44
MERGED from [com.android.support:support-v4:27.1.1] AndroidManifest.xml:20:5-44
MERGED from [com.android.support:support-v4:27.1.1] AndroidManifest.xml:20:5-44
MERGED from [com.github.skydoves:baserecyclerviewadapter:0.1.0] AndroidManifest.xml:8:5-10:41
MERGED from [com.github.skydoves:baserecyclerviewadapter:0.1.0] AndroidManifest.xml:8:5-10:41
MERGED from [com.android.support:recyclerview-v7:27.1.1] AndroidManifest.xml:20:5-44
MERGED from [com.android.support:recyclerview-v7:27.1.1] AndroidManifest.xml:20:5-44
MERGED from [com.android.support:cardview-v7:27.1.1] AndroidManifest.xml:20:5-44
MERGED from [com.android.support:cardview-v7:27.1.1] AndroidManifest.xml:20:5-44
MERGED from [eu.chainfire:libsuperuser:1.0.0.201608240809] AndroidManifest.xml:7:5-9:41
MERGED from [eu.chainfire:libsuperuser:1.0.0.201608240809] AndroidManifest.xml:7:5-9:41
MERGED from [se.emilsjolander:stickylistheaders:2.7.0] AndroidManifest.xml:7:5-9:41
MERGED from [se.emilsjolander:stickylistheaders:2.7.0] AndroidManifest.xml:7:5-9:41
MERGED from [com.android.support:customtabs:27.1.1] AndroidManifest.xml:20:5-44
MERGED from [com.android.support:customtabs:27.1.1] AndroidManifest.xml:20:5-44
MERGED from [com.android.support:support-fragment:27.1.1] AndroidManifest.xml:20:5-44
MERGED from [com.android.support:support-fragment:27.1.1] AndroidManifest.xml:20:5-44
MERGED from [com.android.support:animated-vector-drawable:27.1.1] AndroidManifest.xml:20:5-44
MERGED from [com.android.support:animated-vector-drawable:27.1.1] AndroidManifest.xml:20:5-44
MERGED from [com.android.support:support-core-ui:27.1.1] AndroidManifest.xml:20:5-44
MERGED from [com.android.support:support-core-ui:27.1.1] AndroidManifest.xml:20:5-44
MERGED from [com.android.support:support-core-utils:27.1.1] AndroidManifest.xml:20:5-44
MERGED from [com.android.support:support-core-utils:27.1.1] AndroidManifest.xml:20:5-44
MERGED from [com.android.support:support-media-compat:27.1.1] AndroidManifest.xml:20:5-44
MERGED from [com.android.support:support-media-compat:27.1.1] AndroidManifest.xml:20:5-44
MERGED from [com.android.support:transition:27.1.1] AndroidManifest.xml:20:5-44
MERGED from [com.android.support:transition:27.1.1] AndroidManifest.xml:20:5-44
MERGED from [com.android.support:support-vector-drawable:27.1.1] AndroidManifest.xml:20:5-44
MERGED from [com.android.support:support-vector-drawable:27.1.1] AndroidManifest.xml:20:5-44
MERGED from [com.android.support:support-compat:27.1.1] AndroidManifest.xml:20:5-44
MERGED from [com.android.support:support-compat:27.1.1] AndroidManifest.xml:20:5-44
MERGED from [android.arch.lifecycle:livedata:1.1.0] AndroidManifest.xml:20:5-44
MERGED from [android.arch.lifecycle:livedata:1.1.0] AndroidManifest.xml:20:5-44
MERGED from [android.arch.lifecycle:livedata-core:1.1.0] AndroidManifest.xml:20:5-44
MERGED from [android.arch.lifecycle:livedata-core:1.1.0] AndroidManifest.xml:20:5-44
MERGED from [android.arch.core:runtime:1.1.0] AndroidManifest.xml:20:5-44
MERGED from [android.arch.core:runtime:1.1.0] AndroidManifest.xml:20:5-44
MERGED from [android.arch.lifecycle:runtime:1.1.0] AndroidManifest.xml:20:5-44
MERGED from [android.arch.lifecycle:runtime:1.1.0] AndroidManifest.xml:20:5-44
MERGED from [com.github.aakira:expandable-layout:1.4.3] AndroidManifest.xml:8:5-10:41
MERGED from [com.github.aakira:expandable-layout:1.4.3] AndroidManifest.xml:8:5-10:41
MERGED from [android.arch.lifecycle:viewmodel:1.1.0] AndroidManifest.xml:20:5-44
MERGED from [android.arch.lifecycle:viewmodel:1.1.0] AndroidManifest.xml:20:5-44
INJECTED from src\main\AndroidManifest.xml
	tools:overrideLibrary
		ADDED from [com.afollestad.material-dialogs:core:0.9.6.0] AndroidManifest.xml:11:9-72
	android:targetSdkVersion
		ADDED from [com.afollestad.material-dialogs:commons:0.9.6.0] AndroidManifest.xml:10:9-38
	android:minSdkVersion
		INJECTED from src\main\AndroidManifest.xml
		ADDED from src\main\AndroidManifest.xml
		INJECTED from src\main\AndroidManifest.xml
uses-permission#android.permission.RECEIVE_BOOT_COMPLETED
ADDED from [:core] AndroidManifest.xml:10:5-81
	android:name
		ADDED from [:core] AndroidManifest.xml:10:22-78
uses-permission#android.permission.WRITE_EXTERNAL_STORAGE
ADDED from [:core] AndroidManifest.xml:11:5-81
	android:name
		ADDED from [:core] AndroidManifest.xml:11:22-78
uses-permission#android.permission.READ_EXTERNAL_STORAGE
ADDED from [:core] AndroidManifest.xml:12:5-80
	android:name
		ADDED from [:core] AndroidManifest.xml:12:22-77
uses-permission#android.permission.INTERNET
ADDED from [:core] AndroidManifest.xml:13:5-67
MERGED from [com.heinrichreimersoftware:android-issue-reporter:1.3.1] AndroidManifest.xml:34:5-67
MERGED from [com.heinrichreimersoftware:android-issue-reporter:1.3.1] AndroidManifest.xml:34:5-67
	android:name
		ADDED from [:core] AndroidManifest.xml:13:22-64
uses-permission#android.permission.ACCESS_NETWORK_STATE
ADDED from [:core] AndroidManifest.xml:14:5-79
	android:name
		ADDED from [:core] AndroidManifest.xml:14:22-76
uses-permission#android.permission.REQUEST_INSTALL_PACKAGES
ADDED from [:core] AndroidManifest.xml:15:5-83
	android:name
		ADDED from [:core] AndroidManifest.xml:15:22-80
activity#com.heinrichreimersoftware.androidissuereporter.IssueReporterLauncher$Activity
ADDED from [com.heinrichreimersoftware:android-issue-reporter:1.3.1] AndroidManifest.xml:37:9-39:58
	android:theme
		ADDED from [com.heinrichreimersoftware:android-issue-reporter:1.3.1] AndroidManifest.xml:39:13-55
	android:name
		ADDED from [com.heinrichreimersoftware:android-issue-reporter:1.3.1] AndroidManifest.xml:38:13-106